<?xml version="1.0" encoding="UTF-8" ?>
<testsuite errors="5" failures="0" hostname="luyuchengdeMBP.home" name="simpledb.IntegerAggregatorTest" skipped="0" tests="5" time="0.107" timestamp="2016-02-28T01:58:29">
  <properties>
    <property name="java.vendor" value="Oracle Corporation" />
    <property name="jarfile" value="/Users/lyc/Documents/working_directory/cs186-DB/dist/simpledb.jar" />
    <property name="sun.java.launcher" value="SUN_STANDARD" />
    <property name="sun.management.compiler" value="HotSpot 64-Bit Tiered Compilers" />
    <property name="dist" value="/Users/lyc/Documents/working_directory/cs186-DB/dist" />
    <property name="lib" value="/Users/lyc/Documents/working_directory/cs186-DB/lib" />
    <property name="os.name" value="Mac OS X" />
    <property name="sun.boot.class.path" value="/Library/Java/JavaVirtualMachines/jdk1.7.0_71.jdk/Contents/Home/jre/lib/resources.jar:/Library/Java/JavaVirtualMachines/jdk1.7.0_71.jdk/Contents/Home/jre/lib/rt.jar:/Library/Java/JavaVirtualMachines/jdk1.7.0_71.jdk/Contents/Home/jre/lib/sunrsasign.jar:/Library/Java/JavaVirtualMachines/jdk1.7.0_71.jdk/Contents/Home/jre/lib/jsse.jar:/Library/Java/JavaVirtualMachines/jdk1.7.0_71.jdk/Contents/Home/jre/lib/jce.jar:/Library/Java/JavaVirtualMachines/jdk1.7.0_71.jdk/Contents/Home/jre/lib/charsets.jar:/Library/Java/JavaVirtualMachines/jdk1.7.0_71.jdk/Contents/Home/jre/lib/jfr.jar:/Library/Java/JavaVirtualMachines/jdk1.7.0_71.jdk/Contents/Home/jre/classes" />
    <property name="java.vm.specification.vendor" value="Oracle Corporation" />
    <property name="ant.home" value="/usr/local/Cellar/ant/1.9.4/libexec" />
    <property name="java.runtime.version" value="1.7.0_71-b14" />
    <property name="user.name" value="lyc" />
    <property name="user.language" value="en" />
    <property name="build" value="/Users/lyc/Documents/working_directory/cs186-DB/bin" />
    <property name="sun.boot.library.path" value="/Library/Java/JavaVirtualMachines/jdk1.7.0_71.jdk/Contents/Home/jre/lib" />
    <property name="ant.project.default-target" value="dist" />
    <property name="ant.project.name" value="simpledb" />
    <property name="java.version" value="1.7.0_71" />
    <property name="user.timezone" value="" />
    <property name="sun.arch.data.model" value="64" />
    <property name="http.nonProxyHosts" value="local|*.local|169.254/16|*.169.254/16" />
    <property name="java.endorsed.dirs" value="/Library/Java/JavaVirtualMachines/jdk1.7.0_71.jdk/Contents/Home/jre/lib/endorsed" />
    <property name="doc" value="/Users/lyc/Documents/working_directory/cs186-DB/javadoc" />
    <property name="sun.cpu.isalist" value="" />
    <property name="sun.jnu.encoding" value="UTF-8" />
    <property name="ant.file.simpledb" value="/Users/lyc/Documents/working_directory/cs186-DB/build.xml" />
    <property name="file.encoding.pkg" value="sun.io" />
    <property name="build.src" value="/Users/lyc/Documents/working_directory/cs186-DB/bin/src" />
    <property name="file.separator" value="/" />
    <property name="java.specification.name" value="Java Platform API Specification" />
    <property name="java.class.version" value="51.0" />
    <property name="src" value="/Users/lyc/Documents/working_directory/cs186-DB/src" />
    <property name="user.country" value="US" />
    <property name="java.home" value="/Library/Java/JavaVirtualMachines/jdk1.7.0_71.jdk/Contents/Home/jre" />
    <property name="java.vm.info" value="mixed mode" />
    <property name="ant.file" value="/Users/lyc/Documents/working_directory/cs186-DB/build.xml" />
    <property name="os.version" value="10.10.2" />
    <property name="test.reports" value="/Users/lyc/Documents/working_directory/cs186-DB/testreport" />
    <property name="path.separator" value=":" />
    <property name="java.vm.version" value="24.71-b01" />
    <property name="sourceversion" value="1.5" />
    <property name="depcache" value="/Users/lyc/Documents/working_directory/cs186-DB/bin/depcache" />
    <property name="ant.library.dir" value="/usr/local/Cellar/ant/1.9.4/libexec/lib" />
    <property name="java.awt.printerjob" value="sun.lwawt.macosx.CPrinterJob" />
    <property name="sun.io.unicode.encoding" value="UnicodeBig" />
    <property name="awt.toolkit" value="sun.lwawt.macosx.LWCToolkit" />
    <property name="socksNonProxyHosts" value="local|*.local|169.254/16|*.169.254/16" />
    <property name="ftp.nonProxyHosts" value="local|*.local|169.254/16|*.169.254/16" />
    <property name="user.home" value="/Users/lyc" />
    <property name="java.specification.vendor" value="Oracle Corporation" />
    <property name="java.library.path" value="/Users/lyc/Library/Java/Extensions:/Library/Java/Extensions:/Network/Library/Java/Extensions:/System/Library/Java/Extensions:/usr/lib/java:." />
    <property name="java.vendor.url" value="http://java.oracle.com/" />
    <property name="java.vm.vendor" value="Oracle Corporation" />
    <property name="gopherProxySet" value="false" />
    <property name="java.runtime.name" value="Java(TM) SE Runtime Environment" />
    <property name="sun.java.command" value="org.apache.tools.ant.taskdefs.optional.junit.JUnitTestRunner simpledb.IntegerAggregatorTest skipNonTests=false filtertrace=true haltOnError=false haltOnFailure=false formatter=org.apache.tools.ant.taskdefs.optional.junit.SummaryJUnitResultFormatter showoutput=false outputtoformatters=true logfailedtests=true threadid=0 logtestlistenerevents=false formatter=org.apache.tools.ant.taskdefs.optional.junit.PlainJUnitResultFormatter formatter=org.apache.tools.ant.taskdefs.optional.junit.XMLJUnitResultFormatter,/Users/lyc/Documents/working_directory/cs186-DB/testreport/TEST-simpledb.IntegerAggregatorTest.xml formatter=org.apache.tools.ant.taskdefs.optional.junit.PlainJUnitResultFormatter,/Users/lyc/Documents/working_directory/cs186-DB/testreport/TEST-simpledb.IntegerAggregatorTest.txt crashfile=/Users/lyc/Documents/working_directory/cs186-DB/junitvmwatcher6433408676875044039.properties propsfile=/Users/lyc/Documents/working_directory/cs186-DB/junit5198703672874481215.properties" />
    <property name="java.class.path" value="/Users/lyc/Documents/working_directory/cs186-DB/bin/src:/Users/lyc/Documents/working_directory/cs186-DB/lib/zql.jar:/Users/lyc/Documents/working_directory/cs186-DB/lib/jline-0.9.94.jar:/Users/lyc/Documents/working_directory/cs186-DB/lib/mina-core-2.0.4.jar:/Users/lyc/Documents/working_directory/cs186-DB/lib/mina-filter-compression-2.0.4.jar:/Users/lyc/Documents/working_directory/cs186-DB/lib/slf4j-api-1.6.1.jar:/Users/lyc/Documents/working_directory/cs186-DB/bin/test:/Users/lyc/Documents/working_directory/cs186-DB/lib/junit-4.5.jar:/usr/local/Cellar/ant/1.9.4/libexec/lib/ant-launcher.jar:/usr/local/Cellar/ant/1.9.4/libexec/lib/ant.jar:/usr/local/Cellar/ant/1.9.4/libexec/lib/ant-junit.jar:/usr/local/Cellar/ant/1.9.4/libexec/lib/ant-junit4.jar" />
    <property name="ant.version" value="Apache Ant(TM) version 1.9.4 compiled on April 29 2014" />
    <property name="java.vm.specification.name" value="Java Virtual Machine Specification" />
    <property name="ant.file.type" value="file" />
    <property name="java.vm.specification.version" value="1.7" />
    <property name="sun.cpu.endian" value="little" />
    <property name="sun.os.patch.level" value="unknown" />
    <property name="compile.debug" value="true" />
    <property name="java.io.tmpdir" value="/var/folders/y2/tf_lmqcx543dsjnlv4rjzk300000gn/T/" />
    <property name="java.vendor.url.bug" value="http://bugreport.sun.com/bugreport/" />
    <property name="os.arch" value="x86_64" />
    <property name="java.awt.graphicsenv" value="sun.awt.CGraphicsEnvironment" />
    <property name="java.ext.dirs" value="/Users/lyc/Library/Java/Extensions:/Library/Java/JavaVirtualMachines/jdk1.7.0_71.jdk/Contents/Home/jre/lib/ext:/Library/Java/Extensions:/Network/Library/Java/Extensions:/System/Library/Java/Extensions:/usr/lib/java" />
    <property name="testd" value="/Users/lyc/Documents/working_directory/cs186-DB/test" />
    <property name="user.dir" value="/Users/lyc/Documents/working_directory/cs186-DB" />
    <property name="line.separator" value="&#xa;" />
    <property name="java.vm.name" value="Java HotSpot(TM) 64-Bit Server VM" />
    <property name="basedir" value="/Users/lyc/Documents/working_directory/cs186-DB" />
    <property name="ant.java.version" value="1.7" />
    <property name="ant.core.lib" value="/usr/local/Cellar/ant/1.9.4/libexec/lib/ant.jar" />
    <property name="file.encoding" value="UTF-8" />
    <property name="junit.failed" value="true" />
    <property name="build.test" value="/Users/lyc/Documents/working_directory/cs186-DB/bin/test" />
    <property name="java.specification.version" value="1.7" />
    <property name="ant.project.invoked-targets" value="test-report" />
    <property name="ant.file.type.simpledb" value="file" />
  </properties>
  <testcase classname="simpledb.IntegerAggregatorTest" name="mergeSum" time="0.023">
    <error message="please implement me for proj2" type="java.lang.UnsupportedOperationException">java.lang.UnsupportedOperationException: please implement me for proj2
	at simpledb.IntegerAggregator.iterator(IntegerAggregator.java:50)
	at simpledb.IntegerAggregatorTest.mergeSum(IntegerAggregatorTest.java:75)
</error>
  </testcase>
  <testcase classname="simpledb.IntegerAggregatorTest" name="mergeMin" time="0.004">
    <error message="please implement me for proj2" type="java.lang.UnsupportedOperationException">java.lang.UnsupportedOperationException: please implement me for proj2
	at simpledb.IntegerAggregator.iterator(IntegerAggregator.java:50)
	at simpledb.IntegerAggregatorTest.mergeMin(IntegerAggregatorTest.java:91)
</error>
  </testcase>
  <testcase classname="simpledb.IntegerAggregatorTest" name="mergeMax" time="0.004">
    <error message="please implement me for proj2" type="java.lang.UnsupportedOperationException">java.lang.UnsupportedOperationException: please implement me for proj2
	at simpledb.IntegerAggregator.iterator(IntegerAggregator.java:50)
	at simpledb.IntegerAggregatorTest.mergeMax(IntegerAggregatorTest.java:107)
</error>
  </testcase>
  <testcase classname="simpledb.IntegerAggregatorTest" name="mergeAvg" time="0.003">
    <error message="please implement me for proj2" type="java.lang.UnsupportedOperationException">java.lang.UnsupportedOperationException: please implement me for proj2
	at simpledb.IntegerAggregator.iterator(IntegerAggregator.java:50)
	at simpledb.IntegerAggregatorTest.mergeAvg(IntegerAggregatorTest.java:123)
</error>
  </testcase>
  <testcase classname="simpledb.IntegerAggregatorTest" name="testIterator" time="0.003">
    <error message="please implement me for proj2" type="java.lang.UnsupportedOperationException">java.lang.UnsupportedOperationException: please implement me for proj2
	at simpledb.IntegerAggregator.iterator(IntegerAggregator.java:50)
	at simpledb.IntegerAggregatorTest.testIterator(IntegerAggregatorTest.java:143)
</error>
  </testcase>
  <system-out><![CDATA[]]></system-out>
  <system-err><![CDATA[]]></system-err>
</testsuite>
